Start testing: Apr 18 16:16 Stoední Evropa (letní eas)
----------------------------------------------------------
1/2 Testing: Test_HttpConnection
1/2 Test: Test_HttpConnection
Command: "G:/Programming/c++/stinTest/stinTest/build/release/test/Test_HttpConnection.exe"
Directory: G:/Programming/c++/stinTest/stinTest
"Test_HttpConnection" start time: Apr 18 16:16 Stoední Evropa (letní eas)
Output:
----------------------------------------------------------
<end of output>
Test time =   0.59 sec
----------------------------------------------------------
Test Passed.
"Test_HttpConnection" end time: Apr 18 16:16 Stoední Evropa (letní eas)
"Test_HttpConnection" time elapsed: 00:00:00
----------------------------------------------------------

2/2 Testing: Test_test
2/2 Test: Test_test
Command: "G:/Programming/c++/stinTest/stinTest/build/release/test/Test_test.exe"
Directory: G:/Programming/c++/stinTest/stinTest
"Test_test" start time: Apr 18 16:16 Stoední Evropa (letní eas)
Output:
----------------------------------------------------------
<end of output>
Test time =   0.08 sec
----------------------------------------------------------
Test Passed.
"Test_test" end time: Apr 18 16:16 Stoední Evropa (letní eas)
"Test_test" time elapsed: 00:00:00
----------------------------------------------------------

End testing: Apr 18 16:16 Stoední Evropa (letní eas)
